<?xml version="1.0" encoding="UTF-8"?>
<!-- Generated by org.testng.reporters.JUnitXMLReporter -->
<testsuite ignored="0" hostname="PSL" failures="0" tests="3" name="Test1" time="388.008" errors="0" timestamp="2025-09-25T14:49:27 IST">
  <testcase classname="com.comcast.crm.contacttest.CreateContactTest" name="createContact" time="73.414"/>
  <testcase classname="com.comcast.crm.contacttest.CreateContactTest" name="createContactWithDate" time="52.385"/>
  <testcase classname="com.comcast.crm.contacttest.CreateContactTest" name="createContactWithOrganization" time="146.626"/>
</testsuite> <!-- Test1 -->
