<?xml version="1.0" encoding="UTF-8"?>
<!-- Generated by org.testng.reporters.JUnitXMLReporter -->
<testsuite ignored="0" hostname="PSL" failures="0" tests="3" name="Test" time="185.493" errors="0" timestamp="2025-09-26T11:21:20 IST">
  <testcase classname="com.comcast.crm.contacttest.CreateContactTest" name="createContact" time="35.617"/>
  <testcase classname="com.comcast.crm.contacttest.CreateContactTest" name="createContactWithDate" time="30.706"/>
  <testcase classname="com.comcast.crm.contacttest.CreateContactTest" name="createContactWithOrganization" time="59.885"/>
</testsuite> <!-- Test -->
